https://core.readmorejoy.com/2019/05/syntax-highlighting
https://core.readmorejoy.com/2019/05/markdown
https://core.readmorejoy.com/index.xml
https://core.readmorejoy.com/page/2
https://core.readmorejoy.com/2019/05/janemarkdown
https://core.readmorejoy.com/tags/hugo%E7%BD%91%E7%AB%99
https://core.readmorejoy.com/categories/%E5%88%9B%E6%84%8F
https://core.readmorejoy.com/tags/readmorejoy
https://core.readmorejoy.com/2019/05/selecttoml
https://core.readmorejoy.com/2019/05/release02
https://core.readmorejoy.com/2019/05/usemarkdown
https://core.readmorejoy.com/2019/05/shortcodes-notice
https://core.readmorejoy.com/post/page/2
https://core.readmorejoy.com/tags/markdown
https://core.readmorejoy.com/tags/theme
https://core.readmorejoy.com/post
https://core.readmorejoy.com/2019/05/usehugo
https://core.readmorejoy.com/2019/05/welcomereadmorejoy
https://core.readmorejoy.com/about
https://core.readmorejoy.com/2019/05/shortcodes-preview
https://core.readmorejoy.com/tags/shortcodes
https://core.readmorejoy.com/2019/05/welcome
https://core.readmorejoy.com
https://core.readmorejoy.com/categories
https://core.readmorejoy.com/2019/05/newtheme
https://core.readmorejoy.com/categories/%E6%8A%80%E6%9C%AF
https://core.readmorejoy.com/tags
